<?xml version="1.0" encoding="UTF-8"?>
<!-- Generated by org.testng.reporters.JUnitXMLReporter -->
<testsuite ignored="4" hostname="DESKTOP-0VG4TTE" failures="0" tests="19" name="Test" time="133.67" errors="0" timestamp="2022-03-14T15:52:35 IST">
  <testcase classname="com.techblog.scripts.TestClass" name="verifyLandingPage" time="2.151"/>
  <testcase classname="com.techblog.scripts.TestClass" name="varifyingFeedback" time="11.129"/>
  <testcase classname="com.techblog.scripts.TestClass" name="varifyingContactUs" time="6.105"/>
  <testcase classname="com.techblog.scripts.TestClass" name="varifyingLatestArticles" time="10.754"/>
  <testcase classname="com.techblog.scripts.TestClass" name="varifyingCategories" time="7.669"/>
  <testcase classname="com.techblog.scripts.UserSignup" name="verifyNullUserSignup" time="5.717"/>
  <testcase classname="com.techblog.scripts.UserSignup" name="verifyInvalidUserName" time="10.45"/>
  <testcase classname="com.techblog.scripts.UserSignup" name="verifyInvalidUserEmail" time="8.52"/>
  <testcase classname="com.techblog.scripts.UserSignup" name="verifyInvalidPassword" time="6.733"/>
  <testcase classname="com.techblog.scripts.UserSignup" name="verifyInValidPassword2" time="7.886"/>
  <testcase classname="com.techblog.scripts.UserSignup" name="verifyValidUserSignup" time="8.267"/>
  <testcase classname="com.techblog.scripts.TrainerSignUp" name="verifyInvalidTrainerEmail" time="6.3"/>
  <testcase classname="com.techblog.scripts.TrainerSignUp" name="verifyInvalidPasswordTrainerSignup" time="3.399"/>
  <testcase classname="com.techblog.scripts.TrainerSignUp" name="verifyValidTrainerSignup" time="9.422"/>
  <testcase classname="com.techblog.scripts.TrainerSignUp" name="verifySignin" time="2.22"/>
  <testcase classname="com.techblog.scripts.TCLogin" name="verifyNullLogin" time="3.178"/>
  <testcase classname="com.techblog.scripts.TCLogin" name="verifyInvalidPasswLogin" time="5.039"/>
  <testcase classname="com.techblog.scripts.TCLogin" name="verifyInvalidEmailLogin" time="4.906"/>
  <testcase classname="com.techblog.scripts.TCLogin" name="verifySignUp" time="2.208"/>
  <testcase classname="com.techblog.scripts.TestClass" name="varifyingAboutUs" time="0.0">
    <ignored/>
  </testcase> <!-- varifyingAboutUs -->
  <testcase classname="com.techblog.scripts.TestBase" name="@BeforeTest onSetup" time="0.0">
    <ignored/>
  </testcase> <!-- @BeforeTest onSetup -->
  <testcase classname="com.techblog.scripts.TestBase" name="@BeforeTest onSetup" time="0.0">
    <ignored/>
  </testcase> <!-- @BeforeTest onSetup -->
  <testcase classname="com.techblog.scripts.TestBase" name="@BeforeTest onSetup" time="0.0">
    <ignored/>
  </testcase> <!-- @BeforeTest onSetup -->
</testsuite> <!-- Test -->
