<?xml version="1.0" encoding="UTF-8"?>
<testng-results ignored="4" total="23" passed="19" failed="0" skipped="0">
  <reporter-output>
  </reporter-output>
  <suite started-at="2022-03-14T15:50:21 IST" name="Suite" finished-at="2022-03-14T15:52:34 IST" duration-ms="133670">
    <groups>
    </groups>
    <test started-at="2022-03-14T15:50:21 IST" name="Test" finished-at="2022-03-14T15:52:34 IST" duration-ms="133670">
      <class name="com.techblog.scripts.UserSignup">
        <test-method signature="verifyNullUserSignup()[pri:1, instance:com.techblog.scripts.UserSignup@4e3958e7]" started-at="2022-03-14T15:51:10 IST" name="verifyNullUserSignup" finished-at="2022-03-14T15:51:16 IST" duration-ms="5717" status="PASS">
          <reporter-output>
          </reporter-output>
        </test-method> <!-- verifyNullUserSignup -->
        <test-method is-config="true" signature="tearDown(org.testng.ITestResult)[pri:0, instance:com.techblog.scripts.UserSignup@4e3958e7]" started-at="2022-03-14T15:51:16 IST" name="tearDown" finished-at="2022-03-14T15:51:16 IST" duration-ms="1" status="PASS">
          <params>
            <param index="0">
              <value>
                <![CDATA[[TestResult name=verifyNullUserSignup status=SUCCESS method=UserSignup.verifyNullUserSignup()[pri:1, instance:com.techblog.scripts.UserSignup@4e3958e7] output={null}]]]>
              </value>
            </param>
          </params>
          <reporter-output>
          </reporter-output>
        </test-method> <!-- tearDown -->
        <test-method signature="verifyInvalidUserName()[pri:2, instance:com.techblog.scripts.UserSignup@4e3958e7]" started-at="2022-03-14T15:51:16 IST" name="verifyInvalidUserName" finished-at="2022-03-14T15:51:26 IST" duration-ms="10450" status="PASS">
          <reporter-output>
          </reporter-output>
        </test-method> <!-- verifyInvalidUserName -->
        <test-method is-config="true" signature="tearDown(org.testng.ITestResult)[pri:0, instance:com.techblog.scripts.UserSignup@4e3958e7]" started-at="2022-03-14T15:51:26 IST" name="tearDown" finished-at="2022-03-14T15:51:26 IST" duration-ms="1" status="PASS">
          <params>
            <param index="0">
              <value>
                <![CDATA[[TestResult name=verifyInvalidUserName status=SUCCESS method=UserSignup.verifyInvalidUserName()[pri:2, instance:com.techblog.scripts.UserSignup@4e3958e7] output={null}]]]>
              </value>
            </param>
          </params>
          <reporter-output>
          </reporter-output>
        </test-method> <!-- tearDown -->
        <test-method signature="verifyInvalidUserEmail()[pri:3, instance:com.techblog.scripts.UserSignup@4e3958e7]" started-at="2022-03-14T15:51:26 IST" name="verifyInvalidUserEmail" finished-at="2022-03-14T15:51:35 IST" duration-ms="8520" status="PASS">
          <reporter-output>
          </reporter-output>
        </test-method> <!-- verifyInvalidUserEmail -->
        <test-method is-config="true" signature="tearDown(org.testng.ITestResult)[pri:0, instance:com.techblog.scripts.UserSignup@4e3958e7]" started-at="2022-03-14T15:51:35 IST" name="tearDown" finished-at="2022-03-14T15:51:35 IST" duration-ms="0" status="PASS">
          <params>
            <param index="0">
              <value>
                <![CDATA[[TestResult name=verifyInvalidUserEmail status=SUCCESS method=UserSignup.verifyInvalidUserEmail()[pri:3, instance:com.techblog.scripts.UserSignup@4e3958e7] output={null}]]]>
              </value>
            </param>
          </params>
          <reporter-output>
          </reporter-output>
        </test-method> <!-- tearDown -->
        <test-method signature="verifyInvalidPassword()[pri:4, instance:com.techblog.scripts.UserSignup@4e3958e7]" started-at="2022-03-14T15:51:35 IST" name="verifyInvalidPassword" finished-at="2022-03-14T15:51:42 IST" duration-ms="6733" status="PASS">
          <reporter-output>
          </reporter-output>
        </test-method> <!-- verifyInvalidPassword -->
        <test-method is-config="true" signature="tearDown(org.testng.ITestResult)[pri:0, instance:com.techblog.scripts.UserSignup@4e3958e7]" started-at="2022-03-14T15:51:42 IST" name="tearDown" finished-at="2022-03-14T15:51:42 IST" duration-ms="3" status="PASS">
          <params>
            <param index="0">
              <value>
                <![CDATA[[TestResult name=verifyInvalidPassword status=SUCCESS method=UserSignup.verifyInvalidPassword()[pri:4, instance:com.techblog.scripts.UserSignup@4e3958e7] output={null}]]]>
              </value>
            </param>
          </params>
          <reporter-output>
          </reporter-output>
        </test-method> <!-- tearDown -->
        <test-method signature="verifyInValidPassword2()[pri:5, instance:com.techblog.scripts.UserSignup@4e3958e7]" started-at="2022-03-14T15:51:42 IST" name="verifyInValidPassword2" finished-at="2022-03-14T15:51:50 IST" duration-ms="7886" status="PASS">
          <reporter-output>
          </reporter-output>
        </test-method> <!-- verifyInValidPassword2 -->
        <test-method is-config="true" signature="tearDown(org.testng.ITestResult)[pri:0, instance:com.techblog.scripts.UserSignup@4e3958e7]" started-at="2022-03-14T15:51:50 IST" name="tearDown" finished-at="2022-03-14T15:51:50 IST" duration-ms="0" status="PASS">
          <params>
            <param index="0">
              <value>
                <![CDATA[[TestResult name=verifyInValidPassword2 status=SUCCESS method=UserSignup.verifyInValidPassword2()[pri:5, instance:com.techblog.scripts.UserSignup@4e3958e7] output={null}]]]>
              </value>
            </param>
          </params>
          <reporter-output>
          </reporter-output>
        </test-method> <!-- tearDown -->
        <test-method signature="verifyValidUserSignup()[pri:6, instance:com.techblog.scripts.UserSignup@4e3958e7]" started-at="2022-03-14T15:51:50 IST" name="verifyValidUserSignup" finished-at="2022-03-14T15:51:58 IST" duration-ms="8267" status="PASS">
          <reporter-output>
          </reporter-output>
        </test-method> <!-- verifyValidUserSignup -->
        <test-method is-config="true" signature="tearDown(org.testng.ITestResult)[pri:0, instance:com.techblog.scripts.UserSignup@4e3958e7]" started-at="2022-03-14T15:51:58 IST" name="tearDown" finished-at="2022-03-14T15:51:58 IST" duration-ms="1" status="PASS">
          <params>
            <param index="0">
              <value>
                <![CDATA[[TestResult name=verifyValidUserSignup status=SUCCESS method=UserSignup.verifyValidUserSignup()[pri:6, instance:com.techblog.scripts.UserSignup@4e3958e7] output={null}]]]>
              </value>
            </param>
          </params>
          <reporter-output>
          </reporter-output>
        </test-method> <!-- tearDown -->
      </class> <!-- com.techblog.scripts.UserSignup -->
      <class name="com.techblog.scripts.TCLogin">
        <test-method signature="verifyNullLogin()[pri:1, instance:com.techblog.scripts.TCLogin@1dac5ef]" started-at="2022-03-14T15:52:19 IST" name="verifyNullLogin" finished-at="2022-03-14T15:52:22 IST" duration-ms="3178" status="PASS">
          <reporter-output>
          </reporter-output>
        </test-method> <!-- verifyNullLogin -->
        <test-method is-config="true" signature="tearDown(org.testng.ITestResult)[pri:0, instance:com.techblog.scripts.TCLogin@1dac5ef]" started-at="2022-03-14T15:52:22 IST" name="tearDown" finished-at="2022-03-14T15:52:22 IST" duration-ms="5" status="PASS">
          <params>
            <param index="0">
              <value>
                <![CDATA[[TestResult name=verifyNullLogin status=SUCCESS method=TCLogin.verifyNullLogin()[pri:1, instance:com.techblog.scripts.TCLogin@1dac5ef] output={null}]]]>
              </value>
            </param>
          </params>
          <reporter-output>
          </reporter-output>
        </test-method> <!-- tearDown -->
        <test-method signature="verifyInvalidPasswLogin()[pri:2, instance:com.techblog.scripts.TCLogin@1dac5ef]" started-at="2022-03-14T15:52:22 IST" name="verifyInvalidPasswLogin" finished-at="2022-03-14T15:52:27 IST" duration-ms="5039" status="PASS">
          <reporter-output>
          </reporter-output>
        </test-method> <!-- verifyInvalidPasswLogin -->
        <test-method is-config="true" signature="tearDown(org.testng.ITestResult)[pri:0, instance:com.techblog.scripts.TCLogin@1dac5ef]" started-at="2022-03-14T15:52:27 IST" name="tearDown" finished-at="2022-03-14T15:52:27 IST" duration-ms="2" status="PASS">
          <params>
            <param index="0">
              <value>
                <![CDATA[[TestResult name=verifyInvalidPasswLogin status=SUCCESS method=TCLogin.verifyInvalidPasswLogin()[pri:2, instance:com.techblog.scripts.TCLogin@1dac5ef] output={null}]]]>
              </value>
            </param>
          </params>
          <reporter-output>
          </reporter-output>
        </test-method> <!-- tearDown -->
        <test-method signature="verifyInvalidEmailLogin()[pri:3, instance:com.techblog.scripts.TCLogin@1dac5ef]" started-at="2022-03-14T15:52:27 IST" name="verifyInvalidEmailLogin" finished-at="2022-03-14T15:52:32 IST" duration-ms="4906" status="PASS">
          <reporter-output>
          </reporter-output>
        </test-method> <!-- verifyInvalidEmailLogin -->
        <test-method is-config="true" signature="tearDown(org.testng.ITestResult)[pri:0, instance:com.techblog.scripts.TCLogin@1dac5ef]" started-at="2022-03-14T15:52:32 IST" name="tearDown" finished-at="2022-03-14T15:52:32 IST" duration-ms="0" status="PASS">
          <params>
            <param index="0">
              <value>
                <![CDATA[[TestResult name=verifyInvalidEmailLogin status=SUCCESS method=TCLogin.verifyInvalidEmailLogin()[pri:3, instance:com.techblog.scripts.TCLogin@1dac5ef] output={null}]]]>
              </value>
            </param>
          </params>
          <reporter-output>
          </reporter-output>
        </test-method> <!-- tearDown -->
        <test-method signature="verifySignUp()[pri:4, instance:com.techblog.scripts.TCLogin@1dac5ef]" started-at="2022-03-14T15:52:32 IST" name="verifySignUp" finished-at="2022-03-14T15:52:34 IST" duration-ms="2208" status="PASS">
          <reporter-output>
          </reporter-output>
        </test-method> <!-- verifySignUp -->
        <test-method is-config="true" signature="tearDown(org.testng.ITestResult)[pri:0, instance:com.techblog.scripts.TCLogin@1dac5ef]" started-at="2022-03-14T15:52:34 IST" name="tearDown" finished-at="2022-03-14T15:52:34 IST" duration-ms="1" status="PASS">
          <params>
            <param index="0">
              <value>
                <![CDATA[[TestResult name=verifySignUp status=SUCCESS method=TCLogin.verifySignUp()[pri:4, instance:com.techblog.scripts.TCLogin@1dac5ef] output={null}]]]>
              </value>
            </param>
          </params>
          <reporter-output>
          </reporter-output>
        </test-method> <!-- tearDown -->
      </class> <!-- com.techblog.scripts.TCLogin -->
      <class name="com.techblog.scripts.TrainerSignUp">
        <test-method signature="verifyInvalidTrainerEmail()[pri:1, instance:com.techblog.scripts.TrainerSignUp@77f80c04]" started-at="2022-03-14T15:51:58 IST" name="verifyInvalidTrainerEmail" finished-at="2022-03-14T15:52:04 IST" duration-ms="6300" status="PASS">
          <reporter-output>
          </reporter-output>
        </test-method> <!-- verifyInvalidTrainerEmail -->
        <test-method is-config="true" signature="tearDown(org.testng.ITestResult)[pri:0, instance:com.techblog.scripts.TrainerSignUp@77f80c04]" started-at="2022-03-14T15:52:04 IST" name="tearDown" finished-at="2022-03-14T15:52:04 IST" duration-ms="1" status="PASS">
          <params>
            <param index="0">
              <value>
                <![CDATA[[TestResult name=verifyInvalidTrainerEmail status=SUCCESS method=TrainerSignUp.verifyInvalidTrainerEmail()[pri:1, instance:com.techblog.scripts.TrainerSignUp@77f80c04] output={null}]]]>
              </value>
            </param>
          </params>
          <reporter-output>
          </reporter-output>
        </test-method> <!-- tearDown -->
        <test-method signature="verifyInvalidPasswordTrainerSignup()[pri:2, instance:com.techblog.scripts.TrainerSignUp@77f80c04]" started-at="2022-03-14T15:52:04 IST" name="verifyInvalidPasswordTrainerSignup" finished-at="2022-03-14T15:52:07 IST" duration-ms="3399" status="PASS">
          <reporter-output>
          </reporter-output>
        </test-method> <!-- verifyInvalidPasswordTrainerSignup -->
        <test-method is-config="true" signature="tearDown(org.testng.ITestResult)[pri:0, instance:com.techblog.scripts.TrainerSignUp@77f80c04]" started-at="2022-03-14T15:52:07 IST" name="tearDown" finished-at="2022-03-14T15:52:07 IST" duration-ms="1" status="PASS">
          <params>
            <param index="0">
              <value>
                <![CDATA[[TestResult name=verifyInvalidPasswordTrainerSignup status=SUCCESS method=TrainerSignUp.verifyInvalidPasswordTrainerSignup()[pri:2, instance:com.techblog.scripts.TrainerSignUp@77f80c04] output={null}]]]>
              </value>
            </param>
          </params>
          <reporter-output>
          </reporter-output>
        </test-method> <!-- tearDown -->
        <test-method signature="verifyValidTrainerSignup()[pri:3, instance:com.techblog.scripts.TrainerSignUp@77f80c04]" started-at="2022-03-14T15:52:07 IST" name="verifyValidTrainerSignup" finished-at="2022-03-14T15:52:17 IST" duration-ms="9422" status="PASS">
          <reporter-output>
          </reporter-output>
        </test-method> <!-- verifyValidTrainerSignup -->
        <test-method is-config="true" signature="tearDown(org.testng.ITestResult)[pri:0, instance:com.techblog.scripts.TrainerSignUp@77f80c04]" started-at="2022-03-14T15:52:17 IST" name="tearDown" finished-at="2022-03-14T15:52:17 IST" duration-ms="1" status="PASS">
          <params>
            <param index="0">
              <value>
                <![CDATA[[TestResult name=verifyValidTrainerSignup status=SUCCESS method=TrainerSignUp.verifyValidTrainerSignup()[pri:3, instance:com.techblog.scripts.TrainerSignUp@77f80c04] output={null}]]]>
              </value>
            </param>
          </params>
          <reporter-output>
          </reporter-output>
        </test-method> <!-- tearDown -->
        <test-method signature="verifySignin()[pri:4, instance:com.techblog.scripts.TrainerSignUp@77f80c04]" started-at="2022-03-14T15:52:17 IST" name="verifySignin" finished-at="2022-03-14T15:52:19 IST" duration-ms="2220" status="PASS">
          <reporter-output>
          </reporter-output>
        </test-method> <!-- verifySignin -->
        <test-method is-config="true" signature="tearDown(org.testng.ITestResult)[pri:0, instance:com.techblog.scripts.TrainerSignUp@77f80c04]" started-at="2022-03-14T15:52:19 IST" name="tearDown" finished-at="2022-03-14T15:52:19 IST" duration-ms="1" status="PASS">
          <params>
            <param index="0">
              <value>
                <![CDATA[[TestResult name=verifySignin status=SUCCESS method=TrainerSignUp.verifySignin()[pri:4, instance:com.techblog.scripts.TrainerSignUp@77f80c04] output={null}]]]>
              </value>
            </param>
          </params>
          <reporter-output>
          </reporter-output>
        </test-method> <!-- tearDown -->
      </class> <!-- com.techblog.scripts.TrainerSignUp -->
      <class name="com.techblog.scripts.TestClass">
        <test-method is-config="true" signature="onSetup(java.lang.String)[pri:0, instance:com.techblog.scripts.TestClass@e4487af]" started-at="2022-03-14T15:50:21 IST" name="onSetup" finished-at="2022-03-14T15:50:32 IST" duration-ms="11363" status="PASS">
          <params>
            <param index="0">
              <value>
                <![CDATA[chrome]]>
              </value>
            </param>
          </params>
          <reporter-output>
          </reporter-output>
        </test-method> <!-- onSetup -->
        <test-method signature="verifyLandingPage()[pri:1, instance:com.techblog.scripts.TestClass@e4487af]" started-at="2022-03-14T15:50:32 IST" name="verifyLandingPage" finished-at="2022-03-14T15:50:34 IST" duration-ms="2151" status="PASS">
          <reporter-output>
          </reporter-output>
        </test-method> <!-- verifyLandingPage -->
        <test-method is-config="true" signature="tearDown(org.testng.ITestResult)[pri:0, instance:com.techblog.scripts.TestClass@e4487af]" started-at="2022-03-14T15:50:34 IST" name="tearDown" finished-at="2022-03-14T15:50:34 IST" duration-ms="2" status="PASS">
          <params>
            <param index="0">
              <value>
                <![CDATA[[TestResult name=verifyLandingPage status=SUCCESS method=TestClass.verifyLandingPage()[pri:1, instance:com.techblog.scripts.TestClass@e4487af] output={null}]]]>
              </value>
            </param>
          </params>
          <reporter-output>
          </reporter-output>
        </test-method> <!-- tearDown -->
        <test-method signature="varifyingFeedback()[pri:2, instance:com.techblog.scripts.TestClass@e4487af]" started-at="2022-03-14T15:50:34 IST" name="varifyingFeedback" finished-at="2022-03-14T15:50:46 IST" duration-ms="11129" status="PASS">
          <reporter-output>
          </reporter-output>
        </test-method> <!-- varifyingFeedback -->
        <test-method is-config="true" signature="tearDown(org.testng.ITestResult)[pri:0, instance:com.techblog.scripts.TestClass@e4487af]" started-at="2022-03-14T15:50:46 IST" name="tearDown" finished-at="2022-03-14T15:50:46 IST" duration-ms="1" status="PASS">
          <params>
            <param index="0">
              <value>
                <![CDATA[[TestResult name=varifyingFeedback status=SUCCESS method=TestClass.varifyingFeedback()[pri:2, instance:com.techblog.scripts.TestClass@e4487af] output={null}]]]>
              </value>
            </param>
          </params>
          <reporter-output>
          </reporter-output>
        </test-method> <!-- tearDown -->
        <test-method signature="varifyingContactUs()[pri:3, instance:com.techblog.scripts.TestClass@e4487af]" started-at="2022-03-14T15:50:46 IST" name="varifyingContactUs" finished-at="2022-03-14T15:50:52 IST" duration-ms="6105" status="PASS">
          <reporter-output>
          </reporter-output>
        </test-method> <!-- varifyingContactUs -->
        <test-method is-config="true" signature="tearDown(org.testng.ITestResult)[pri:0, instance:com.techblog.scripts.TestClass@e4487af]" started-at="2022-03-14T15:50:52 IST" name="tearDown" finished-at="2022-03-14T15:50:52 IST" duration-ms="0" status="PASS">
          <params>
            <param index="0">
              <value>
                <![CDATA[[TestResult name=varifyingContactUs status=SUCCESS method=TestClass.varifyingContactUs()[pri:3, instance:com.techblog.scripts.TestClass@e4487af] output={null}]]]>
              </value>
            </param>
          </params>
          <reporter-output>
          </reporter-output>
        </test-method> <!-- tearDown -->
        <test-method signature="varifyingLatestArticles()[pri:4, instance:com.techblog.scripts.TestClass@e4487af]" started-at="2022-03-14T15:50:52 IST" name="varifyingLatestArticles" finished-at="2022-03-14T15:51:03 IST" duration-ms="10754" status="PASS">
          <reporter-output>
          </reporter-output>
        </test-method> <!-- varifyingLatestArticles -->
        <test-method is-config="true" signature="tearDown(org.testng.ITestResult)[pri:0, instance:com.techblog.scripts.TestClass@e4487af]" started-at="2022-03-14T15:51:03 IST" name="tearDown" finished-at="2022-03-14T15:51:03 IST" duration-ms="0" status="PASS">
          <params>
            <param index="0">
              <value>
                <![CDATA[[TestResult name=varifyingLatestArticles status=SUCCESS method=TestClass.varifyingLatestArticles()[pri:4, instance:com.techblog.scripts.TestClass@e4487af] output={null}]]]>
              </value>
            </param>
          </params>
          <reporter-output>
          </reporter-output>
        </test-method> <!-- tearDown -->
        <test-method signature="varifyingCategories()[pri:6, instance:com.techblog.scripts.TestClass@e4487af]" started-at="2022-03-14T15:51:03 IST" name="varifyingCategories" finished-at="2022-03-14T15:51:10 IST" duration-ms="7669" status="PASS">
          <reporter-output>
          </reporter-output>
        </test-method> <!-- varifyingCategories -->
        <test-method is-config="true" signature="tearDown(org.testng.ITestResult)[pri:0, instance:com.techblog.scripts.TestClass@e4487af]" started-at="2022-03-14T15:51:10 IST" name="tearDown" finished-at="2022-03-14T15:51:10 IST" duration-ms="1" status="PASS">
          <params>
            <param index="0">
              <value>
                <![CDATA[[TestResult name=varifyingCategories status=SUCCESS method=TestClass.varifyingCategories()[pri:6, instance:com.techblog.scripts.TestClass@e4487af] output={null}]]]>
              </value>
            </param>
          </params>
          <reporter-output>
          </reporter-output>
        </test-method> <!-- tearDown -->
      </class> <!-- com.techblog.scripts.TestClass -->
    </test> <!-- Test -->
  </suite> <!-- Suite -->
</testng-results>
